0 info it worked if it ends with ok
1 verbose cli [ 'C:\\Program Files\\nodejs\\node.exe',
1 verbose cli   'C:\\Program Files\\nodejs\\node_modules\\npm\\bin\\npm-cli.js',
1 verbose cli   'start' ]
2 info using npm@3.10.10
3 info using node@v6.9.5
4 verbose run-script [ 'prestart', 'start', 'poststart' ]
5 info lifecycle starter-node-angular@1.0.1~prestart: starter-node-angular@1.0.1
6 silly lifecycle starter-node-angular@1.0.1~prestart: no script for prestart, continuing
7 info lifecycle starter-node-angular@1.0.1~start: starter-node-angular@1.0.1
8 verbose lifecycle starter-node-angular@1.0.1~start: unsafe-perm in lifecycle true
9 verbose lifecycle starter-node-angular@1.0.1~start: PATH: C:\Program Files\nodejs\node_modules\npm\bin\node-gyp-bin;C:\Users\asahoo264\Documents\GitHub\BenchSci_Cooccurence\webpage\node_modules\.bin;C:\ProgramData\Oracle\Java\javapath;C:\Program Files\Dell\DW WLAN Card;C:\Program Files (x86)\Intel\iCLS Client\;C:\Program Files\Intel\iCLS Client\;C:\WINDOWS\system32;C:\WINDOWS;C:\WINDOWS\System32\Wbem;C:\WINDOWS\System32\WindowsPowerShell\v1.0\;C:\Program Files\WIDCOMM\Bluetooth Software\;C:\Program Files\WIDCOMM\Bluetooth Software\syswow64;C:\Program Files\Intel\Intel(R) Management Engine Components\DAL;C:\Program Files (x86)\Intel\Intel(R) Management Engine Components\DAL;C:\Program Files\Intel\Intel(R) Management Engine Components\IPT;C:\Program Files (x86)\Intel\Intel(R) Management Engine Components\IPT;C:\Users\asahoo264\AppData\Local\GitHub\PortableGit_c2ba306e536fdf878271f7fe636a147ff37326ad\bin;C:\Users\asahoo264\AppData\Local\GitHub\PortableGit_c2ba306e536fdf878271f7fe636a147ff37326ad\cmd;C:\Program Files (x86)\MATLAB\MATLAB Compiler Runtime\v710\runtime\win32;C:\Program Files\MATLAB\MATLAB Runtime\v85\runtime\win64;C:\Program Files\TortoiseGit\bin;C:\Program Files (x86)\Muse;C:\TDM-GCC-64\bin;C:\Program Files (x86)\Git\cmd;C:\Users\asahoo264\Desktop\Courses\ECE516;C:\Program Files\Microsoft SQL Server\Client SDK\ODBC\110\Tools\Binn\;C:\Program Files (x86)\Microsoft SQL Server\120\Tools\Binn\;C:\Program Files\Microsoft SQL Server\120\Tools\Binn\;C:\Program Files\Microsoft SQL Server\120\DTS\Binn\;C:\Program Files (x86)\Windows Kits\8.1\Windows Performance Toolkit\;C:\Program Files (x86)\Windows Live\Shared;C:\Program Files (x86)\Windows Kits\10\Windows Performance Toolkit\;C:\Program Files\nodejs;C:\Program Files (x86)\Skype\Phone\;C:\Program Files\Microsoft SQL Server\130\Tools\Binn\;C:\Users\asahoo264\.dnx\bin;C:\Program Files\Microsoft DNX\Dnvm\;C:\Program Files (x86)\Clean Project\;C:\Program Files\nodejs\;C:\Users\asahoo264\Anaconda3;C:\Users\asahoo264\Anaconda3\Scripts;C:\Users\asahoo264\Anaconda3\Library\bin;c:\users\asahoo264\appdata\local\enthought\canopy\user\scripts;C:\cygwin;C:\Users\asahoo264\AppData\Local\Enthought\Canopy\User;C:\Users\asahoo264\AppData\Local\Enthought\Canopy\User\Scripts;C:\apache-ant-1.9.6\bin;C:\Users\asahoo264\AppData\Roaming\npm
10 verbose lifecycle starter-node-angular@1.0.1~start: CWD: C:\Users\asahoo264\Documents\GitHub\BenchSci_Cooccurence\webpage
11 silly lifecycle starter-node-angular@1.0.1~start: Args: [ '/d /s /c', 'node server.js' ]
12 silly lifecycle starter-node-angular@1.0.1~start: Returned: code: 3221225786  signal: null
13 info lifecycle starter-node-angular@1.0.1~start: Failed to exec start script
14 verbose stack Error: starter-node-angular@1.0.1 start: `node server.js`
14 verbose stack Exit status 3221225786
14 verbose stack     at EventEmitter.<anonymous> (C:\Program Files\nodejs\node_modules\npm\lib\utils\lifecycle.js:255:16)
14 verbose stack     at emitTwo (events.js:106:13)
14 verbose stack     at EventEmitter.emit (events.js:191:7)
14 verbose stack     at ChildProcess.<anonymous> (C:\Program Files\nodejs\node_modules\npm\lib\utils\spawn.js:40:14)
14 verbose stack     at emitTwo (events.js:106:13)
14 verbose stack     at ChildProcess.emit (events.js:191:7)
14 verbose stack     at maybeClose (internal/child_process.js:877:16)
14 verbose stack     at Process.ChildProcess._handle.onexit (internal/child_process.js:226:5)
15 verbose pkgid starter-node-angular@1.0.1
16 verbose cwd C:\Users\asahoo264\Documents\GitHub\BenchSci_Cooccurence\webpage
17 error Windows_NT 10.0.10586
18 error argv "C:\\Program Files\\nodejs\\node.exe" "C:\\Program Files\\nodejs\\node_modules\\npm\\bin\\npm-cli.js" "start"
19 error node v6.9.5
20 error npm  v3.10.10
21 error code ELIFECYCLE
22 error starter-node-angular@1.0.1 start: `node server.js`
22 error Exit status 3221225786
23 error Failed at the starter-node-angular@1.0.1 start script 'node server.js'.
23 error Make sure you have the latest version of node.js and npm installed.
23 error If you do, this is most likely a problem with the starter-node-angular package,
23 error not with npm itself.
23 error Tell the author that this fails on your system:
23 error     node server.js
23 error You can get information on how to open an issue for this project with:
23 error     npm bugs starter-node-angular
23 error Or if that isn't available, you can get their info via:
23 error     npm owner ls starter-node-angular
23 error There is likely additional logging output above.
24 verbose exit [ 1, true ]
